Traceback (most recent call last):
  File "C:\Users\pulak\anaconda3\envs\maps\Lib\site-packages\jupyter_cache\executors\utils.py", line 58, in single_nb_execution
    executenb(
    ~~~~~~~~~^
        nb,
        ^^^
    ...<4 lines>...
        **kwargs,
        ^^^^^^^^^
    )
    ^
  File "C:\Users\pulak\anaconda3\envs\maps\Lib\site-packages\nbclient\client.py", line 1323, in execute
    return NotebookClient(nb=nb, resources=resources, km=km, **kwargs).execute()
           ~~~~~~~~~~~~~~~~~~~~~~~~~~~~~~~~~~~~~~~~~~~~~~~~~~~~~~~~~~~~~~~~~~~^^
  File "C:\Users\pulak\anaconda3\envs\maps\Lib\site-packages\jupyter_core\utils\__init__.py", line 165, in wrapped
    return loop.run_until_complete(inner)
           ~~~~~~~~~~~~~~~~~~~~~~~^^^^^^^
  File "C:\Users\pulak\anaconda3\envs\maps\Lib\asyncio\base_events.py", line 719, in run_until_complete
    return future.result()
           ~~~~~~~~~~~~~^^
  File "C:\Users\pulak\anaconda3\envs\maps\Lib\site-packages\nbclient\client.py", line 709, in async_execute
    await self.async_execute_cell(
        cell, index, execution_count=self.code_cells_executed + 1
    )
  File "C:\Users\pulak\anaconda3\envs\maps\Lib\site-packages\nbclient\client.py", line 1062, in async_execute_cell
    await self._check_raise_for_error(cell, cell_index, exec_reply)
  File "C:\Users\pulak\anaconda3\envs\maps\Lib\site-packages\nbclient\client.py", line 918, in _check_raise_for_error
    raise CellExecutionError.from_cell_and_msg(cell, exec_reply_content)
nbclient.exceptions.CellExecutionError: An error occurred while executing the following cell:
------------------
from qgis.utils import iface

# Get current project title
print(f"Project Title: {iface.mainWindow().windowTitle()}")

# Add a message to the UI
iface.messageBar().pushMessage("Success", "Welcome to PyQGIS Automation", level=0)
------------------


[31m---------------------------------------------------------------------------[39m
[31mModuleNotFoundError[39m                       Traceback (most recent call last)
[36mCell[39m[36m [39m[32mIn[1][39m[32m, line 1[39m
[32m----> [39m[32m1[39m [38;5;28;01mfrom[39;00m[38;5;250m [39m[34;01mqgis[39;00m[34;01m.[39;00m[34;01mutils[39;00m[38;5;250m [39m[38;5;28;01mimport[39;00m iface
[32m      3[39m [38;5;66;03m# Get current project title[39;00m
[32m      4[39m [38;5;28mprint[39m([33mf[39m[33m"[39m[33mProject Title: [39m[38;5;132;01m{[39;00miface.mainWindow().windowTitle()[38;5;132;01m}[39;00m[33m"[39m)

[31mModuleNotFoundError[39m: No module named 'qgis'

