Traceback (most recent call last):
  File "C:\Users\pulak\anaconda3\envs\maps\Lib\site-packages\jupyter_cache\executors\utils.py", line 58, in single_nb_execution
    executenb(
    ~~~~~~~~~^
        nb,
        ^^^
    ...<4 lines>...
        **kwargs,
        ^^^^^^^^^
    )
    ^
  File "C:\Users\pulak\anaconda3\envs\maps\Lib\site-packages\nbclient\client.py", line 1323, in execute
    return NotebookClient(nb=nb, resources=resources, km=km, **kwargs).execute()
           ~~~~~~~~~~~~~~~~~~~~~~~~~~~~~~~~~~~~~~~~~~~~~~~~~~~~~~~~~~~~~~~~~~~^^
  File "C:\Users\pulak\anaconda3\envs\maps\Lib\site-packages\jupyter_core\utils\__init__.py", line 165, in wrapped
    return loop.run_until_complete(inner)
           ~~~~~~~~~~~~~~~~~~~~~~~^^^^^^^
  File "C:\Users\pulak\anaconda3\envs\maps\Lib\asyncio\base_events.py", line 719, in run_until_complete
    return future.result()
           ~~~~~~~~~~~~~^^
  File "C:\Users\pulak\anaconda3\envs\maps\Lib\site-packages\nbclient\client.py", line 709, in async_execute
    await self.async_execute_cell(
        cell, index, execution_count=self.code_cells_executed + 1
    )
  File "C:\Users\pulak\anaconda3\envs\maps\Lib\site-packages\nbclient\client.py", line 1062, in async_execute_cell
    await self._check_raise_for_error(cell, cell_index, exec_reply)
  File "C:\Users\pulak\anaconda3\envs\maps\Lib\site-packages\nbclient\client.py", line 918, in _check_raise_for_error
    raise CellExecutionError.from_cell_and_msg(cell, exec_reply_content)
nbclient.exceptions.CellExecutionError: An error occurred while executing the following cell:
------------------
layer = iface.activeLayer() # Get selected vector layer

# Get layer fields
fields = layer.fields()
for field in fields:
    print(f"Field: {field.name()}, Type: {field.typeName()}")

# Iterate through features
for feature in layer.getFeatures():
    # Access attribute by name
    name = feature['NAME']
    # Access geometry
    geom = feature.geometry()
    print(f"Feature: {name}, Area: {geom.area()}")
------------------


[31m---------------------------------------------------------------------------[39m
[31mNameError[39m                                 Traceback (most recent call last)
[36mCell[39m[36m [39m[32mIn[1][39m[32m, line 1[39m
[32m----> [39m[32m1[39m layer = [43miface[49m.activeLayer() [38;5;66;03m# Get selected vector layer[39;00m
[32m      3[39m [38;5;66;03m# Get layer fields[39;00m
[32m      4[39m fields = layer.fields()

[31mNameError[39m: name 'iface' is not defined

