Traceback (most recent call last):
  File "C:\Users\pulak\anaconda3\envs\maps\Lib\site-packages\jupyter_cache\executors\utils.py", line 58, in single_nb_execution
    executenb(
    ~~~~~~~~~^
        nb,
        ^^^
    ...<4 lines>...
        **kwargs,
        ^^^^^^^^^
    )
    ^
  File "C:\Users\pulak\anaconda3\envs\maps\Lib\site-packages\nbclient\client.py", line 1323, in execute
    return NotebookClient(nb=nb, resources=resources, km=km, **kwargs).execute()
           ~~~~~~~~~~~~~~~~~~~~~~~~~~~~~~~~~~~~~~~~~~~~~~~~~~~~~~~~~~~~~~~~~~~^^
  File "C:\Users\pulak\anaconda3\envs\maps\Lib\site-packages\jupyter_core\utils\__init__.py", line 165, in wrapped
    return loop.run_until_complete(inner)
           ~~~~~~~~~~~~~~~~~~~~~~~^^^^^^^
  File "C:\Users\pulak\anaconda3\envs\maps\Lib\asyncio\base_events.py", line 719, in run_until_complete
    return future.result()
           ~~~~~~~~~~~~~^^
  File "C:\Users\pulak\anaconda3\envs\maps\Lib\site-packages\nbclient\client.py", line 709, in async_execute
    await self.async_execute_cell(
        cell, index, execution_count=self.code_cells_executed + 1
    )
  File "C:\Users\pulak\anaconda3\envs\maps\Lib\site-packages\nbclient\client.py", line 1062, in async_execute_cell
    await self._check_raise_for_error(cell, cell_index, exec_reply)
  File "C:\Users\pulak\anaconda3\envs\maps\Lib\site-packages\nbclient\client.py", line 918, in _check_raise_for_error
    raise CellExecutionError.from_cell_and_msg(cell, exec_reply_content)
nbclient.exceptions.CellExecutionError: An error occurred while executing the following cell:
------------------
import sys
from qgis.core import QgsApplication, QgsProject, QgsVectorLayer

# 1. Provide the path to the QGIS installation
# On Windows: C:/OSGeo4W/apps/qgis
QgsApplication.setPrefixPath("/path/to/qgis/installation", True)

# 2. Initialize the application (False = no GUI)
qgs = QgsApplication([], False)
qgs.initQgis()

# 3. Your Processing Logic
layer = QgsVectorLayer("data.shp", "Layer", "ogr")
print(f"Is layer valid? {layer.isValid()}")

# 4. Clean up and exit
qgs.exitQgis()
------------------


[31m---------------------------------------------------------------------------[39m
[31mModuleNotFoundError[39m                       Traceback (most recent call last)
[36mCell[39m[36m [39m[32mIn[1][39m[32m, line 2[39m
[32m      1[39m [38;5;28;01mimport[39;00m[38;5;250m [39m[34;01msys[39;00m
[32m----> [39m[32m2[39m [38;5;28;01mfrom[39;00m[38;5;250m [39m[34;01mqgis[39;00m[34;01m.[39;00m[34;01mcore[39;00m[38;5;250m [39m[38;5;28;01mimport[39;00m QgsApplication, QgsProject, QgsVectorLayer
[32m      4[39m [38;5;66;03m# 1. Provide the path to the QGIS installation[39;00m
[32m      5[39m [38;5;66;03m# On Windows: C:/OSGeo4W/apps/qgis[39;00m
[32m      6[39m QgsApplication.setPrefixPath([33m"[39m[33m/path/to/qgis/installation[39m[33m"[39m, [38;5;28;01mTrue[39;00m)

[31mModuleNotFoundError[39m: No module named 'qgis'

